TN:
SF:src\db.ts
FN:3,(anonymous_8)
FN:3,(anonymous_9)
FNF:2
FNH:2
FNDA:2,(anonymous_8)
FNDA:2,(anonymous_9)
DA:1,1
DA:3,2
DA:4,2
DA:5,2
DA:6,1
DA:8,1
DA:9,1
DA:13,1
LF:8
LH:8
BRF:0
BRH:0
end_of_record
TN:
SF:src\socket.ts
FN:3,(anonymous_0)
FN:4,(anonymous_1)
FN:7,(anonymous_2)
FN:8,(anonymous_3)
FN:14,(anonymous_4)
FNF:5
FNH:5
FNDA:4,(anonymous_0)
FNDA:4,(anonymous_1)
FNDA:8,(anonymous_2)
FNDA:1,(anonymous_3)
FNDA:1,(anonymous_4)
DA:3,1
DA:4,4
DA:5,4
DA:7,4
DA:8,8
DA:9,1
DA:10,1
DA:14,4
DA:15,1
DA:20,1
LF:10
LH:10
BRF:0
BRH:0
end_of_record
TN:
SF:src\Events\message.ts
FN:7,(anonymous_8)
FN:7,(anonymous_9)
FN:38,(anonymous_10)
FN:38,(anonymous_11)
FNF:4
FNH:4
FNDA:3,(anonymous_8)
FNDA:3,(anonymous_9)
FNDA:2,(anonymous_10)
FNDA:2,(anonymous_11)
DA:1,1
DA:2,1
DA:4,1
DA:5,1
DA:7,3
DA:8,3
DA:9,3
DA:10,3
DA:14,3
DA:15,3
DA:16,3
DA:17,1
DA:18,1
DA:20,2
DA:21,2
DA:22,1
DA:23,1
DA:25,1
DA:33,1
DA:34,1
DA:37,1
DA:38,2
DA:39,2
DA:40,2
DA:41,2
DA:43,1
DA:54,1
DA:63,0
DA:67,1
LF:29
LH:28
BRDA:16,0,0,1
BRDA:21,1,0,1
BRDA:40,2,0,0
BRDA:41,3,0,1
BRF:4
BRH:3
end_of_record
TN:
SF:src\models\channels.ts
FNF:0
FNH:0
DA:1,1
DA:8,1
DA:22,1
LF:3
LH:3
BRF:0
BRH:0
end_of_record
TN:
SF:src\models\message.ts
FNF:0
FNH:0
DA:1,1
DA:13,1
DA:23,1
LF:3
LH:3
BRF:0
BRH:0
end_of_record
TN:
SF:src\models\user.ts
FNF:0
FNH:0
DA:1,1
DA:10,1
DA:20,1
LF:3
LH:3
BRF:0
BRH:0
end_of_record
